  main.cpp
C:\Visual\4장\ooooooooohelpme\ooooooooohelpme\main.cpp(8,15): warning C4244: '인수': 'time_t'에서 'unsigned int'(으)로 변환하면서 데이터가 손실될 수 있습니다.
C:\Visual\4장\ooooooooohelpme\ooooooooohelpme\main.cpp(20,89): warning C4474: 'printf' : 서식 문자열에 전달된 인수가 너무 많습니다.
C:\Visual\4장\ooooooooohelpme\ooooooooohelpme\main.cpp(20,89): message : 자리 표시자 및 해당 매개 변수에는 variadic 인수가 2개 필요하지만 3개가 제공되었습니다.
C:\Visual\4장\ooooooooohelpme\ooooooooohelpme\main.cpp(24,88): warning C4474: 'printf' : 서식 문자열에 전달된 인수가 너무 많습니다.
C:\Visual\4장\ooooooooohelpme\ooooooooohelpme\main.cpp(24,88): message : 자리 표시자 및 해당 매개 변수에는 variadic 인수가 2개 필요하지만 3개가 제공되었습니다.
C:\Visual\4장\ooooooooohelpme\ooooooooohelpme\main.cpp(28,89): warning C4474: 'printf' : 서식 문자열에 전달된 인수가 너무 많습니다.
C:\Visual\4장\ooooooooohelpme\ooooooooohelpme\main.cpp(28,89): message : 자리 표시자 및 해당 매개 변수에는 variadic 인수가 2개 필요하지만 3개가 제공되었습니다.
C:\Visual\4장\ooooooooohelpme\ooooooooohelpme\main.cpp(32,88): warning C4474: 'printf' : 서식 문자열에 전달된 인수가 너무 많습니다.
C:\Visual\4장\ooooooooohelpme\ooooooooohelpme\main.cpp(32,88): message : 자리 표시자 및 해당 매개 변수에는 variadic 인수가 2개 필요하지만 3개가 제공되었습니다.
C:\Visual\4장\ooooooooohelpme\ooooooooohelpme\main.cpp(36,89): warning C4474: 'printf' : 서식 문자열에 전달된 인수가 너무 많습니다.
C:\Visual\4장\ooooooooohelpme\ooooooooohelpme\main.cpp(36,89): message : 자리 표시자 및 해당 매개 변수에는 variadic 인수가 2개 필요하지만 3개가 제공되었습니다.
C:\Visual\4장\ooooooooohelpme\ooooooooohelpme\main.cpp(40,88): warning C4474: 'printf' : 서식 문자열에 전달된 인수가 너무 많습니다.
C:\Visual\4장\ooooooooohelpme\ooooooooohelpme\main.cpp(40,88): message : 자리 표시자 및 해당 매개 변수에는 variadic 인수가 2개 필요하지만 3개가 제공되었습니다.
C:\Visual\4장\ooooooooohelpme\ooooooooohelpme\main.cpp(44,101): warning C4474: 'printf' : 서식 문자열에 전달된 인수가 너무 많습니다.
C:\Visual\4장\ooooooooohelpme\ooooooooohelpme\main.cpp(44,101): message : 자리 표시자 및 해당 매개 변수에는 variadic 인수가 2개 필요하지만 3개가 제공되었습니다.
C:\Visual\4장\ooooooooohelpme\ooooooooohelpme\main.cpp(48,94): warning C4474: 'printf' : 서식 문자열에 전달된 인수가 너무 많습니다.
C:\Visual\4장\ooooooooohelpme\ooooooooohelpme\main.cpp(48,94): message : 자리 표시자 및 해당 매개 변수에는 variadic 인수가 2개 필요하지만 3개가 제공되었습니다.
C:\Visual\4장\ooooooooohelpme\ooooooooohelpme\main.cpp(52,88): warning C4474: 'printf' : 서식 문자열에 전달된 인수가 너무 많습니다.
C:\Visual\4장\ooooooooohelpme\ooooooooohelpme\main.cpp(52,88): message : 자리 표시자 및 해당 매개 변수에는 variadic 인수가 2개 필요하지만 3개가 제공되었습니다.
C:\Visual\4장\ooooooooohelpme\ooooooooohelpme\main.cpp(56,88): warning C4474: 'printf' : 서식 문자열에 전달된 인수가 너무 많습니다.
C:\Visual\4장\ooooooooohelpme\ooooooooohelpme\main.cpp(56,88): message : 자리 표시자 및 해당 매개 변수에는 variadic 인수가 2개 필요하지만 3개가 제공되었습니다.
C:\Visual\4장\ooooooooohelpme\ooooooooohelpme\main.cpp(60,94): warning C4474: 'printf' : 서식 문자열에 전달된 인수가 너무 많습니다.
C:\Visual\4장\ooooooooohelpme\ooooooooohelpme\main.cpp(60,94): message : 자리 표시자 및 해당 매개 변수에는 variadic 인수가 2개 필요하지만 3개가 제공되었습니다.
C:\Visual\4장\ooooooooohelpme\ooooooooohelpme\main.cpp(64,94): warning C4474: 'printf' : 서식 문자열에 전달된 인수가 너무 많습니다.
C:\Visual\4장\ooooooooohelpme\ooooooooohelpme\main.cpp(64,94): message : 자리 표시자 및 해당 매개 변수에는 variadic 인수가 2개 필요하지만 3개가 제공되었습니다.
  ooooooooohelpme.vcxproj -> C:\Visual\4장\ooooooooohelpme\x64\Debug\ooooooooohelpme.exe
